<?xml version="1.0" encoding="UTF-8"?>
<testng-results skipped="0" failed="0" ignored="0" total="1" passed="1">
  <reporter-output>
  </reporter-output>
  <suite name="Default suite" duration-ms="88" started-at="2021-06-05T11:44:39 IST" finished-at="2021-06-05T11:44:39 IST">
    <groups>
    </groups>
    <test name="Default test" duration-ms="88" started-at="2021-06-05T11:44:39 IST" finished-at="2021-06-05T11:44:39 IST">
      <class name="Testng.NewTest">
        <test-method status="PASS" signature="f()[pri:0, instance:Testng.NewTest@184f6be2]" name="f" duration-ms="14" started-at="2021-06-05T11:44:39 IST" finished-at="2021-06-05T11:44:39 IST">
          <reporter-output>
          </reporter-output>
        </test-method> <!-- f -->
      </class> <!-- Testng.NewTest -->
    </test> <!-- Default test -->
  </suite> <!-- Default suite -->
</testng-results>
